<?xml version="1.0" encoding="UTF-8"?><testsuite errors="0" failures="1" name="HU-001 Calendario Google" skipped="0" tests="1" time="29.76" timestamp="2021-07-09 03:00:40"><testcase name="Eliminar un cita en el calendario de Google"><failure message="Expected enabled element was not enabled" type="net.thucydides.core.webdriver.exceptions.ElementShouldBeEnabledException">Expected enabled element was not enabled</failure><system-err>Expected enabled element was not enabled&#13;
tasks.CrearRecordatorio.performAs(CrearRecordatorio.java:21)&#13;
stepDefinitions.CalendarioStepDefinitions.buscoLaCitaEnElCalendario(CalendarioStepDefinitions.java:35)&#13;
cucumber.runner.Runner.runPickle(Runner.java:80)&#13;
</system-err></testcase></testsuite>