<?xml version="1.0" encoding="UTF-8"?><testsuite errors="0" failures="1" name="HU-001 Calendario Google" skipped="0" tests="1" time="39.2" timestamp="2021-07-11 07:08:02"><testcase name="Creo un recordatorio en el calendario de Google"><failure message="Expected enabled element was not enabled" type="net.thucydides.core.webdriver.exceptions.ElementShouldBeEnabledException">Expected enabled element was not enabled</failure><system-err>Expected enabled element was not enabled&#13;
tasks.CrearRecordatorio.performAs(CrearRecordatorio.java:22)&#13;
stepDefinitions.CalendarioStepDefinitions.creoUnNuevoRecordatorioEnElCalendario(CalendarioStepDefinitions.java:48)&#13;
cucumber.runner.Runner.runPickle(Runner.java:80)&#13;
</system-err></testcase></testsuite>