<?xml version="1.0" encoding="UTF-8"?><testsuite errors="0" failures="1" name="HU-001 Calendario Google" skipped="0" tests="1" time="31.78" timestamp="2021-07-08 09:56:11"><testcase name="Creo una cita en el calendario de Google"><failure message="Expected enabled element was not enabled" type="net.thucydides.core.webdriver.exceptions.ElementShouldBeEnabledException">Expected enabled element was not enabled</failure><system-err>Expected enabled element was not enabled&#13;
tasks.CrearEvento.performAs(CrearEvento.java:23)&#13;
stepDefinitions.CalendarioStepDefinitions.buscoLaCitaEnElCalendario(CalendarioStepDefinitions.java:32)&#13;
cucumber.runner.Runner.runPickle(Runner.java:80)&#13;
</system-err></testcase></testsuite>